Unexpected fail of AutocompleteProposalJavaDocTest selenium test
kind/bug selenium/failure status/in-progress team/production sprint/current-sprint status/code-review status/in-progress status/code-review 
Description We have unexpected fail of AutocompleteProposalJavaDocTest selenium test. It looks like problem in getElementSrcLink method in the CodenvyEditor page-object, which get src link from element, we need to add wait for src link to this method. Exception: java.lang.AssertionError: src link in the context java doc window does not attached Report with reproduced problem: https://ci.codenvycorp.com/view/qa/job/che-multiuser-integration-tests-che6/39/Selenium_tests_report/